

----------------------------------------
checking for C compiler


----------------------------------------
checking for gcc -pipe switch


----------------------------------------
checking for gcc builtin atomic operations


----------------------------------------
checking for C99 variadic macros


----------------------------------------
checking for gcc variadic macros


----------------------------------------
checking for unistd.h


----------------------------------------
checking for inttypes.h


----------------------------------------
checking for limits.h


----------------------------------------
checking for sys/filio.h


----------------------------------------
checking for sys/param.h


----------------------------------------
checking for sys/mount.h


----------------------------------------
checking for sys/statvfs.h


----------------------------------------
checking for crypt.h

objs/autotest.c:3:19: error: crypt.h: No such file or directory
----------

#include <sys/param.h>
#include <crypt.h>

int main() {
    return 0;
}

----------
gcc -o objs/autotest objs/autotest.c
----------

----------------------------------------
checking for kqueue's EVFILT_TIMER


----------------------------------------
checking for Darwin 64-bit kqueue millisecond timeout bug


----------------------------------------
checking for sendfile()


----------------------------------------
checking for atomic(3)

objs/autotest.c: In function ‘main’:
objs/autotest.c:8: warning: passing argument 3 of ‘OSAtomicCompareAndSwap32Barrier’ makes pointer from integer without a cast

----------------------------------------
checking for poll()


----------------------------------------
checking for /dev/poll

objs/autotest.c:4:25: error: sys/devpoll.h: No such file or directory
objs/autotest.c: In function ‘main’:
objs/autotest.c:7: error: storage size of ‘dvp’ isn’t known
objs/autotest.c:12: error: ‘DP_POLL’ undeclared (first use in this function)
objs/autotest.c:12: error: (Each undeclared identifier is reported only once
objs/autotest.c:12: error: for each function it appears in.)
----------

#include <sys/types.h>
#include <unistd.h>
#include <sys/devpoll.h>

int main() {
    int  n, dp; struct dvpoll  dvp;
                  dp = 0;
                  dvp.dp_fds = NULL;
                  dvp.dp_nfds = 0;
                  dvp.dp_timeout = 0;
                  n = ioctl(dp, DP_POLL, &dvp);
    return 0;
}

----------
gcc -o objs/autotest objs/autotest.c
----------

----------------------------------------
checking for crypt()


----------------------------------------
checking for F_READAHEAD

objs/autotest.c: In function ‘main’:
objs/autotest.c:7: error: ‘F_READAHEAD’ undeclared (first use in this function)
objs/autotest.c:7: error: (Each undeclared identifier is reported only once
objs/autotest.c:7: error: for each function it appears in.)
----------

#include <sys/types.h>
#include <unistd.h>
#include <fcntl.h>

int main() {
    fcntl(0, F_READAHEAD, 1);;
    return 0;
}

----------
gcc -o objs/autotest objs/autotest.c
----------

----------------------------------------
checking for posix_fadvise()

objs/autotest.c: In function ‘main’:
objs/autotest.c:7: error: ‘POSIX_FADV_SEQUENTIAL’ undeclared (first use in this function)
objs/autotest.c:7: error: (Each undeclared identifier is reported only once
objs/autotest.c:7: error: for each function it appears in.)
----------

#include <sys/types.h>
#include <unistd.h>
#include <fcntl.h>

int main() {
    posix_fadvise(0, 0, 0, POSIX_FADV_SEQUENTIAL);;
    return 0;
}

----------
gcc -o objs/autotest objs/autotest.c
----------

----------------------------------------
checking for O_DIRECT

objs/autotest.c: In function ‘main’:
objs/autotest.c:7: error: ‘O_DIRECT’ undeclared (first use in this function)
objs/autotest.c:7: error: (Each undeclared identifier is reported only once
objs/autotest.c:7: error: for each function it appears in.)
----------

#include <sys/types.h>
#include <unistd.h>
#include <fcntl.h>

int main() {
    fcntl(0, F_SETFL, O_DIRECT);;
    return 0;
}

----------
gcc -o objs/autotest objs/autotest.c
----------

----------------------------------------
checking for F_NOCACHE


----------------------------------------
checking for directio()

objs/autotest.c: In function ‘main’:
objs/autotest.c:8: error: ‘DIRECTIO_ON’ undeclared (first use in this function)
objs/autotest.c:8: error: (Each undeclared identifier is reported only once
objs/autotest.c:8: error: for each function it appears in.)
----------

#include <sys/types.h>
#include <unistd.h>
#include <sys/types.h>
                  #include <sys/fcntl.h>

int main() {
    directio(0, DIRECTIO_ON);;
    return 0;
}

----------
gcc -o objs/autotest objs/autotest.c
----------

----------------------------------------
checking for statfs()


----------------------------------------
checking for statvfs()


----------------------------------------
checking for dlopen()


----------------------------------------
checking for sched_yield()


----------------------------------------
checking for SO_SETFIB

objs/autotest.c: In function ‘main’:
objs/autotest.c:7: error: ‘SO_SETFIB’ undeclared (first use in this function)
objs/autotest.c:7: error: (Each undeclared identifier is reported only once
objs/autotest.c:7: error: for each function it appears in.)
----------

#include <sys/types.h>
#include <unistd.h>
#include <sys/socket.h>

int main() {
    setsockopt(0, SOL_SOCKET, SO_SETFIB, NULL, 4);
    return 0;
}

----------
gcc -o objs/autotest objs/autotest.c
----------

----------------------------------------
checking for SO_ACCEPTFILTER

objs/autotest.c: In function ‘main’:
objs/autotest.c:7: error: ‘SO_ACCEPTFILTER’ undeclared (first use in this function)
objs/autotest.c:7: error: (Each undeclared identifier is reported only once
objs/autotest.c:7: error: for each function it appears in.)
----------

#include <sys/types.h>
#include <unistd.h>
#include <sys/socket.h>

int main() {
    setsockopt(0, SOL_SOCKET, SO_ACCEPTFILTER, NULL, 0);
    return 0;
}

----------
gcc -o objs/autotest objs/autotest.c
----------

----------------------------------------
checking for TCP_DEFER_ACCEPT

objs/autotest.c: In function ‘main’:
objs/autotest.c:9: error: ‘TCP_DEFER_ACCEPT’ undeclared (first use in this function)
objs/autotest.c:9: error: (Each undeclared identifier is reported only once
objs/autotest.c:9: error: for each function it appears in.)
----------

#include <sys/types.h>
#include <unistd.h>
#include <sys/socket.h>
                  #include <netinet/in.h>
                  #include <netinet/tcp.h>

int main() {
    setsockopt(0, IPPROTO_TCP, TCP_DEFER_ACCEPT, NULL, 0);
    return 0;
}

----------
gcc -o objs/autotest objs/autotest.c
----------

----------------------------------------
checking for accept4()

objs/autotest.c: In function ‘main’:
objs/autotest.c:7: error: ‘SOCK_NONBLOCK’ undeclared (first use in this function)
objs/autotest.c:7: error: (Each undeclared identifier is reported only once
objs/autotest.c:7: error: for each function it appears in.)
----------

#include <sys/types.h>
#include <unistd.h>
#include <sys/socket.h>

int main() {
    accept4(0, NULL, NULL, SOCK_NONBLOCK);
    return 0;
}

----------
gcc -o objs/autotest objs/autotest.c
----------

----------------------------------------
checking for int size

objs/autotest.c: In function ‘main’:
objs/autotest.c:11: warning: incompatible implicit declaration of built-in function ‘printf’
objs/autotest.c:11: warning: format ‘%d’ expects type ‘int’, but argument 2 has type ‘long unsigned int’

----------------------------------------
checking for long size

objs/autotest.c: In function ‘main’:
objs/autotest.c:11: warning: incompatible implicit declaration of built-in function ‘printf’
objs/autotest.c:11: warning: format ‘%d’ expects type ‘int’, but argument 2 has type ‘long unsigned int’

----------------------------------------
checking for long long size

objs/autotest.c: In function ‘main’:
objs/autotest.c:11: warning: incompatible implicit declaration of built-in function ‘printf’
objs/autotest.c:11: warning: format ‘%d’ expects type ‘int’, but argument 2 has type ‘long unsigned int’

----------------------------------------
checking for void * size

objs/autotest.c: In function ‘main’:
objs/autotest.c:11: warning: incompatible implicit declaration of built-in function ‘printf’
objs/autotest.c:11: warning: format ‘%d’ expects type ‘int’, but argument 2 has type ‘long unsigned int’

----------------------------------------
checking for uint64_t


----------------------------------------
checking for sig_atomic_t


----------------------------------------
checking for sig_atomic_t size

objs/autotest.c: In function ‘main’:
objs/autotest.c:11: warning: incompatible implicit declaration of built-in function ‘printf’
objs/autotest.c:11: warning: format ‘%d’ expects type ‘int’, but argument 2 has type ‘long unsigned int’

----------------------------------------
checking for socklen_t


----------------------------------------
checking for in_addr_t


----------------------------------------
checking for in_port_t


----------------------------------------
checking for rlim_t


checking for uintptr_t

checking for system endianess

----------------------------------------
checking for size_t size

objs/autotest.c: In function ‘main’:
objs/autotest.c:11: warning: incompatible implicit declaration of built-in function ‘printf’
objs/autotest.c:11: warning: format ‘%d’ expects type ‘int’, but argument 2 has type ‘long unsigned int’

----------------------------------------
checking for off_t size

objs/autotest.c: In function ‘main’:
objs/autotest.c:11: warning: incompatible implicit declaration of built-in function ‘printf’
objs/autotest.c:11: warning: format ‘%d’ expects type ‘int’, but argument 2 has type ‘long unsigned int’

----------------------------------------
checking for time_t size

objs/autotest.c: In function ‘main’:
objs/autotest.c:11: warning: incompatible implicit declaration of built-in function ‘printf’
objs/autotest.c:11: warning: format ‘%d’ expects type ‘int’, but argument 2 has type ‘long unsigned int’

----------------------------------------
checking for setproctitle()

Undefined symbols:
  "_setproctitle", referenced from:
      _main in ccDApo6U.o
ld: symbol(s) not found
collect2: ld returned 1 exit status
----------

#include <sys/types.h>
#include <unistd.h>


int main() {
    setproctitle("test");;
    return 0;
}

----------
gcc -o objs/autotest objs/autotest.c
----------

----------------------------------------
checking for pread()


----------------------------------------
checking for pwrite()


----------------------------------------
checking for sys_nerr

104
----------------------------------------
checking for localtime_r()


----------------------------------------
checking for posix_memalign()


----------------------------------------
checking for memalign()

objs/autotest.c: In function ‘main’:
objs/autotest.c:7: warning: assignment makes pointer from integer without a cast
Undefined symbols:
  "_memalign", referenced from:
      _main in ccc1ePuk.o
ld: symbol(s) not found
collect2: ld returned 1 exit status
----------

#include <sys/types.h>
#include <unistd.h>
#include <stdlib.h>

int main() {
    void *p; p = memalign(4096, 4096);
    return 0;
}

----------
gcc -o objs/autotest objs/autotest.c
----------

----------------------------------------
checking for mmap(MAP_ANON|MAP_SHARED)


----------------------------------------
checking for mmap("/dev/zero", MAP_SHARED)


----------------------------------------
checking for System V shared memory


----------------------------------------
checking for POSIX semaphores


----------------------------------------
checking for POSIX semaphores in libpthread


----------------------------------------
checking for POSIX semaphores in librt

ld: library not found for -lrt
collect2: ld returned 1 exit status
----------

#include <sys/types.h>
#include <unistd.h>
#include <semaphore.h>

int main() {
    sem_t  sem;
                  if (sem_init(&sem, 1, 0) == -1) return 1;
                  sem_destroy(&sem);;
    return 0;
}

----------
gcc -o objs/autotest objs/autotest.c -lrt
----------

----------------------------------------
checking for struct msghdr.msg_control


----------------------------------------
checking for ioctl(FIONBIO)


----------------------------------------
checking for struct tm.tm_gmtoff


----------------------------------------
checking for struct dirent.d_namlen


----------------------------------------
checking for struct dirent.d_type


----------------------------------------
checking for 


----------------------------------------
checking for PCRE library


----------------------------------------
checking for system md library

objs/autotest.c:4:17: error: md5.h: No such file or directory
objs/autotest.c: In function ‘main’:
objs/autotest.c:7: error: ‘MD5_CTX’ undeclared (first use in this function)
objs/autotest.c:7: error: (Each undeclared identifier is reported only once
objs/autotest.c:7: error: for each function it appears in.)
objs/autotest.c:7: error: expected ‘;’ before ‘md5’
objs/autotest.c:7: error: ‘md5’ undeclared (first use in this function)
----------

#include <sys/types.h>
#include <unistd.h>
#include <md5.h>

int main() {
    MD5_CTX md5; MD5Init(&md5);
    return 0;
}

----------
gcc -o objs/autotest objs/autotest.c -lmd
----------

----------------------------------------
checking for system md5 library

objs/autotest.c:4:17: error: md5.h: No such file or directory
objs/autotest.c: In function ‘main’:
objs/autotest.c:7: error: ‘MD5_CTX’ undeclared (first use in this function)
objs/autotest.c:7: error: (Each undeclared identifier is reported only once
objs/autotest.c:7: error: for each function it appears in.)
objs/autotest.c:7: error: expected ‘;’ before ‘md5’
objs/autotest.c:7: error: ‘md5’ undeclared (first use in this function)
----------

#include <sys/types.h>
#include <unistd.h>
#include <md5.h>

int main() {
    MD5_CTX md5; MD5Init(&md5);
    return 0;
}

----------
gcc -o objs/autotest objs/autotest.c -lmd5
----------

----------------------------------------
checking for OpenSSL md5 crypto library


----------------------------------------
checking for sha1 in system md library

objs/autotest.c:4:17: error: sha.h: No such file or directory
objs/autotest.c: In function ‘main’:
objs/autotest.c:7: error: ‘SHA_CTX’ undeclared (first use in this function)
objs/autotest.c:7: error: (Each undeclared identifier is reported only once
objs/autotest.c:7: error: for each function it appears in.)
objs/autotest.c:7: error: expected ‘;’ before ‘sha1’
objs/autotest.c:7: error: ‘sha1’ undeclared (first use in this function)
----------

#include <sys/types.h>
#include <unistd.h>
#include <sha.h>

int main() {
    SHA_CTX sha1; SHA1_Init(&sha1);
    return 0;
}

----------
gcc -o objs/autotest objs/autotest.c -lmd
----------

----------------------------------------
checking for OpenSSL sha1 crypto library


----------------------------------------
checking for zlib library

